11:27:53.911 [ApplicationImpl pooled thread 155] INFO  c.b.l.BrowserStackRunExtension - testng
11:27:53.911 [ApplicationImpl pooled thread 155] INFO  com.browserstack.utils.Helpers - null
11:27:53.912 [ApplicationImpl pooled thread 155] INFO  com.browserstack.utils.Helpers - C:/Users/eguar/.m2/repository/com/browserstack/browserstack-java-sdk/1.8.5/browserstack-java-sdk-1.8.5.jar
11:27:53.912 [ApplicationImpl pooled thread 155] INFO  c.b.l.BrowserStackRunExtension - Agent path: C:/Users/eguar/.m2/repository/com/browserstack/browserstack-java-sdk/1.8.5/browserstack-java-sdk-1.8.5.jar
11:27:53.941 [ApplicationImpl pooled thread 155] INFO  c.b.l.BrowserStackRunExtension - Plugin version: v1.1.2
11:39:22.852 [ApplicationImpl pooled thread 160] INFO  c.b.l.BrowserStackRunExtension - testng
11:39:22.852 [ApplicationImpl pooled thread 160] INFO  com.browserstack.utils.Helpers - null
11:39:22.853 [ApplicationImpl pooled thread 160] INFO  com.browserstack.utils.Helpers - C:/Users/eguar/.m2/repository/com/browserstack/browserstack-java-sdk/1.8.5/browserstack-java-sdk-1.8.5.jar
11:39:22.853 [ApplicationImpl pooled thread 160] INFO  c.b.l.BrowserStackRunExtension - Agent path: C:/Users/eguar/.m2/repository/com/browserstack/browserstack-java-sdk/1.8.5/browserstack-java-sdk-1.8.5.jar
11:39:22.853 [ApplicationImpl pooled thread 160] INFO  c.b.l.BrowserStackRunExtension - Plugin version: v1.1.2
11:43:20.990 [ApplicationImpl pooled thread 167] INFO  c.b.l.BrowserStackRunExtension - testng
11:43:20.990 [ApplicationImpl pooled thread 167] INFO  com.browserstack.utils.Helpers - null
11:43:20.991 [ApplicationImpl pooled thread 167] INFO  com.browserstack.utils.Helpers - C:/Users/eguar/.m2/repository/com/browserstack/browserstack-java-sdk/1.8.5/browserstack-java-sdk-1.8.5.jar
11:43:20.991 [ApplicationImpl pooled thread 167] INFO  c.b.l.BrowserStackRunExtension - Agent path: C:/Users/eguar/.m2/repository/com/browserstack/browserstack-java-sdk/1.8.5/browserstack-java-sdk-1.8.5.jar
11:43:20.991 [ApplicationImpl pooled thread 167] INFO  c.b.l.BrowserStackRunExtension - Plugin version: v1.1.2
11:50:34.066 [ApplicationImpl pooled thread 172] INFO  c.b.l.BrowserStackRunExtension - testng
11:50:34.066 [ApplicationImpl pooled thread 172] INFO  com.browserstack.utils.Helpers - null
11:50:34.067 [ApplicationImpl pooled thread 172] INFO  com.browserstack.utils.Helpers - C:/Users/eguar/.m2/repository/com/browserstack/browserstack-java-sdk/1.8.5/browserstack-java-sdk-1.8.5.jar
11:50:34.067 [ApplicationImpl pooled thread 172] INFO  c.b.l.BrowserStackRunExtension - Agent path: C:/Users/eguar/.m2/repository/com/browserstack/browserstack-java-sdk/1.8.5/browserstack-java-sdk-1.8.5.jar
11:50:34.067 [ApplicationImpl pooled thread 172] INFO  c.b.l.BrowserStackRunExtension - Plugin version: v1.1.2
11:52:12.607 [ApplicationImpl pooled thread 182] INFO  c.b.l.BrowserStackRunExtension - testng
11:52:12.608 [ApplicationImpl pooled thread 182] INFO  com.browserstack.utils.Helpers - null
11:52:12.608 [ApplicationImpl pooled thread 182] INFO  com.browserstack.utils.Helpers - C:/Users/eguar/.m2/repository/com/browserstack/browserstack-java-sdk/1.8.5/browserstack-java-sdk-1.8.5.jar
11:52:12.608 [ApplicationImpl pooled thread 182] INFO  c.b.l.BrowserStackRunExtension - Agent path: C:/Users/eguar/.m2/repository/com/browserstack/browserstack-java-sdk/1.8.5/browserstack-java-sdk-1.8.5.jar
11:52:12.608 [ApplicationImpl pooled thread 182] INFO  c.b.l.BrowserStackRunExtension - Plugin version: v1.1.2
11:55:20.891 [ApplicationImpl pooled thread 187] INFO  c.b.l.BrowserStackRunExtension - testng
11:55:20.892 [ApplicationImpl pooled thread 187] INFO  com.browserstack.utils.Helpers - null
11:55:20.892 [ApplicationImpl pooled thread 187] INFO  com.browserstack.utils.Helpers - C:/Users/eguar/.m2/repository/com/browserstack/browserstack-java-sdk/1.8.5/browserstack-java-sdk-1.8.5.jar
11:55:20.892 [ApplicationImpl pooled thread 187] INFO  c.b.l.BrowserStackRunExtension - Agent path: C:/Users/eguar/.m2/repository/com/browserstack/browserstack-java-sdk/1.8.5/browserstack-java-sdk-1.8.5.jar
11:55:20.892 [ApplicationImpl pooled thread 187] INFO  c.b.l.BrowserStackRunExtension - Plugin version: v1.1.2
